<?xml version="1.0" encoding="UTF-8"?>
<coverage generated="1766901620415" clover="3.2.0">
  <project timestamp="1766901620415" name="All files">
    <metrics statements="46" coveredstatements="46" conditionals="32" coveredconditionals="31" methods="20" coveredmethods="20" elements="98" coveredelements="97" complexity="0" loc="46" ncloc="46" packages="2" files="5" classes="5"/>
    <package name="src">
      <metrics statements="16" coveredstatements="16" conditionals="20" coveredconditionals="19" methods="7" coveredmethods="7"/>
      <file name="App.css" path="C:\Users\JustD\Documents\Self_Learn\Coding\TheModernStoic\src\frontend\TheModernStoic\src\App.css">
        <metrics statements="0" coveredstatements="0" conditionals="0" coveredconditionals="0" methods="0" coveredmethods="0"/>
      </file>
      <file name="App.tsx" path="C:\Users\JustD\Documents\Self_Learn\Coding\TheModernStoic\src\frontend\TheModernStoic\src\App.tsx">
        <metrics statements="16" coveredstatements="16" conditionals="20" coveredconditionals="19" methods="7" coveredmethods="7"/>
        <line num="11" count="22" type="stmt"/>
        <line num="12" count="22" type="stmt"/>
        <line num="14" count="22" type="stmt"/>
        <line num="15" count="22" type="stmt"/>
        <line num="21" count="22" type="cond" truecount="2" falsecount="0"/>
        <line num="22" count="1" type="stmt"/>
        <line num="30" count="21" type="cond" truecount="2" falsecount="0"/>
        <line num="31" count="1" type="stmt"/>
        <line num="43" count="20" type="stmt"/>
        <line num="62" count="1" type="stmt"/>
        <line num="73" count="5" type="stmt"/>
        <line num="93" count="2" type="cond" truecount="1" falsecount="1"/>
        <line num="94" count="2" type="stmt"/>
        <line num="135" count="1" type="stmt"/>
        <line num="136" count="1" type="stmt"/>
        <line num="138" count="1" type="stmt"/>
      </file>
    </package>
    <package name="src.components">
      <metrics statements="30" coveredstatements="30" conditionals="12" coveredconditionals="12" methods="13" coveredmethods="13"/>
      <file name="Auth.tsx" path="C:\Users\JustD\Documents\Self_Learn\Coding\TheModernStoic\src\frontend\TheModernStoic\src\components\Auth.tsx">
        <metrics statements="8" coveredstatements="8" conditionals="0" coveredconditionals="0" methods="4" coveredmethods="4"/>
        <line num="3" count="2" type="stmt"/>
        <line num="4" count="3" type="stmt"/>
        <line num="5" count="3" type="stmt"/>
        <line num="7" count="1" type="stmt"/>
        <line num="15" count="2" type="stmt"/>
        <line num="16" count="22" type="stmt"/>
        <line num="17" count="22" type="stmt"/>
        <line num="19" count="1" type="stmt"/>
      </file>
      <file name="HistoryFeed.tsx" path="C:\Users\JustD\Documents\Self_Learn\Coding\TheModernStoic\src\frontend\TheModernStoic\src\components\HistoryFeed.tsx">
        <metrics statements="14" coveredstatements="14" conditionals="4" coveredconditionals="4" methods="6" coveredmethods="6"/>
        <line num="10" count="16" type="stmt"/>
        <line num="12" count="16" type="stmt"/>
        <line num="13" count="5" type="stmt"/>
        <line num="14" count="5" type="stmt"/>
        <line num="15" count="5" type="stmt"/>
        <line num="18" count="5" type="stmt"/>
        <line num="19" count="4" type="stmt"/>
        <line num="20" count="4" type="stmt"/>
        <line num="21" count="4" type="stmt"/>
        <line num="25" count="16" type="cond" truecount="2" falsecount="0"/>
        <line num="26" count="1" type="stmt"/>
        <line num="32" count="15" type="stmt"/>
        <line num="35" count="30" type="stmt"/>
        <line num="51" count="5" type="stmt"/>
      </file>
      <file name="JournalInputCard.tsx" path="C:\Users\JustD\Documents\Self_Learn\Coding\TheModernStoic\src\frontend\TheModernStoic\src\components\JournalInputCard.tsx">
        <metrics statements="8" coveredstatements="8" conditionals="8" coveredconditionals="8" methods="3" coveredmethods="3"/>
        <line num="12" count="75" type="stmt"/>
        <line num="14" count="75" type="stmt"/>
        <line num="15" count="5" type="cond" truecount="2" falsecount="0"/>
        <line num="16" count="4" type="stmt"/>
        <line num="18" count="4" type="stmt"/>
        <line num="19" count="4" type="stmt"/>
        <line num="22" count="75" type="stmt"/>
        <line num="33" count="60" type="stmt"/>
      </file>
    </package>
  </project>
</coverage>
