{"C:\\Users\\JustD\\Documents\\Self_Learn\\Coding\\TheModernStoic\\src\\frontend\\TheModernStoic\\src\\App.css": {"path":"C:\\Users\\JustD\\Documents\\Self_Learn\\Coding\\TheModernStoic\\src\\frontend\\TheModernStoic\\src\\App.css","statementMap":{},"fnMap":{},"branchMap":{},"s":{},"f":{},"b":{},"meta":{"lastBranch":0,"lastFunction":0,"lastStatement":0,"seen":{}}}
,"C:\\Users\\JustD\\Documents\\Self_Learn\\Coding\\TheModernStoic\\src\\frontend\\TheModernStoic\\src\\App.tsx": {"path":"C:\\Users\\JustD\\Documents\\Self_Learn\\Coding\\TheModernStoic\\src\\frontend\\TheModernStoic\\src\\App.tsx","statementMap":{"0":{"start":{"line":11,"column":58},"end":{"line":11,"column":null}},"1":{"start":{"line":12,"column":60},"end":{"line":12,"column":null}},"2":{"start":{"line":14,"column":32},"end":{"line":14,"column":null}},"3":{"start":{"line":15,"column":44},"end":{"line":19,"column":null}},"4":{"start":{"line":21,"column":2},"end":{"line":27,"column":null}},"5":{"start":{"line":22,"column":4},"end":{"line":25,"column":null}},"6":{"start":{"line":30,"column":2},"end":{"line":40,"column":null}},"7":{"start":{"line":31,"column":4},"end":{"line":38,"column":null}},"8":{"start":{"line":43,"column":2},"end":{"line":159,"column":null}},"9":{"start":{"line":62,"column":25},"end":{"line":62,"column":null}},"10":{"start":{"line":73,"column":25},"end":{"line":73,"column":null}},"11":{"start":{"line":93,"column":16},"end":{"line":98,"column":null}},"12":{"start":{"line":94,"column":18},"end":{"line":98,"column":null}},"13":{"start":{"line":135,"column":20},"end":{"line":135,"column":null}},"14":{"start":{"line":135,"column":50},"end":{"line":135,"column":76}},"15":{"start":{"line":136,"column":20},"end":{"line":144,"column":null}},"16":{"start":{"line":138,"column":24},"end":{"line":142,"column":null}}},"fnMap":{"0":{"name":"App","decl":{"start":{"line":10,"column":9},"end":{"line":10,"column":15}},"loc":{"start":{"line":10,"column":15},"end":{"line":161,"column":null}},"line":10},"1":{"name":"(anonymous_1)","decl":{"start":{"line":62,"column":19},"end":{"line":62,"column":25}},"loc":{"start":{"line":62,"column":25},"end":{"line":62,"column":null}},"line":62},"2":{"name":"(anonymous_2)","decl":{"start":{"line":73,"column":19},"end":{"line":73,"column":25}},"loc":{"start":{"line":73,"column":25},"end":{"line":73,"column":null}},"line":73},"3":{"name":"(anonymous_3)","decl":{"start":{"line":92,"column":26},"end":{"line":92,"column":27}},"loc":{"start":{"line":92,"column":35},"end":{"line":99,"column":null}},"line":92},"4":{"name":"(anonymous_4)","decl":{"start":{"line":133,"column":27},"end":{"line":133,"column":33}},"loc":{"start":{"line":133,"column":33},"end":{"line":145,"column":null}},"line":133},"5":{"name":"(anonymous_5)","decl":{"start":{"line":135,"column":39},"end":{"line":135,"column":40}},"loc":{"start":{"line":135,"column":50},"end":{"line":135,"column":76}},"line":135},"6":{"name":"(anonymous_6)","decl":{"start":{"line":137,"column":22},"end":{"line":137,"column":null}},"loc":{"start":{"line":138,"column":24},"end":{"line":142,"column":null}},"line":138}},"branchMap":{"0":{"loc":{"start":{"line":21,"column":2},"end":{"line":27,"column":null}},"type":"if","locations":[{"start":{"line":21,"column":2},"end":{"line":27,"column":null}},{"start":{},"end":{}}],"line":21},"1":{"loc":{"start":{"line":30,"column":2},"end":{"line":40,"column":null}},"type":"if","locations":[{"start":{"line":30,"column":2},"end":{"line":40,"column":null}},{"start":{},"end":{}}],"line":30},"2":{"loc":{"start":{"line":64,"column":12},"end":{"line":66,"column":null}},"type":"cond-expr","locations":[{"start":{"line":65,"column":16},"end":{"line":65,"column":null}},{"start":{"line":66,"column":16},"end":{"line":66,"column":null}}],"line":64},"3":{"loc":{"start":{"line":75,"column":12},"end":{"line":77,"column":null}},"type":"cond-expr","locations":[{"start":{"line":76,"column":16},"end":{"line":76,"column":null}},{"start":{"line":77,"column":16},"end":{"line":77,"column":null}}],"line":75},"4":{"loc":{"start":{"line":85,"column":11},"end":{"line":105,"column":null}},"type":"cond-expr","locations":[{"start":{"line":86,"column":12},"end":{"line":100,"column":null}},{"start":{"line":102,"column":12},"end":{"line":105,"column":null}}],"line":85},"5":{"loc":{"start":{"line":93,"column":16},"end":{"line":98,"column":null}},"type":"if","locations":[{"start":{"line":93,"column":16},"end":{"line":98,"column":null}},{"start":{},"end":{}}],"line":93},"6":{"loc":{"start":{"line":108,"column":6},"end":{"line":153,"column":null}},"type":"binary-expr","locations":[{"start":{"line":111,"column":9},"end":{"line":111,"column":20}},{"start":{"line":111,"column":20},"end":{"line":111,"column":48}},{"start":{"line":111,"column":48},"end":{"line":111,"column":null}},{"start":{"line":112,"column":8},"end":{"line":153,"column":null}}],"line":108},"7":{"loc":{"start":{"line":114,"column":12},"end":{"line":114,"column":null}},"type":"cond-expr","locations":[{"start":{"line":114,"column":37},"end":{"line":114,"column":51}},{"start":{"line":114,"column":51},"end":{"line":114,"column":null}}],"line":114},"8":{"loc":{"start":{"line":118,"column":13},"end":{"line":150,"column":null}},"type":"cond-expr","locations":[{"start":{"line":119,"column":14},"end":{"line":124,"column":null}},{"start":{"line":126,"column":14},"end":{"line":150,"column":null}}],"line":118}},"s":{"0":22,"1":22,"2":22,"3":22,"4":22,"5":1,"6":21,"7":1,"8":20,"9":1,"10":5,"11":2,"12":2,"13":1,"14":1,"15":1,"16":1},"f":{"0":22,"1":1,"2":5,"3":2,"4":1,"5":1,"6":1},"b":{"0":[1,21],"1":[1,20],"2":[15,5],"3":[5,15],"4":[15,5],"5":[2,0],"6":[22,1,19,4],"7":[1,3],"8":[1,3]},"meta":{"lastBranch":9,"lastFunction":7,"lastStatement":17,"seen":{"f:10:9:10:15":0,"s:11:58:11:Infinity":0,"s:12:60:12:Infinity":1,"s:14:32:14:Infinity":2,"s:15:44:19:Infinity":3,"b:21:2:27:Infinity:undefined:undefined:undefined:undefined":0,"s:21:2:27:Infinity":4,"s:22:4:25:Infinity":5,"b:30:2:40:Infinity:undefined:undefined:undefined:undefined":1,"s:30:2:40:Infinity":6,"s:31:4:38:Infinity":7,"s:43:2:159:Infinity":8,"f:62:19:62:25":1,"s:62:25:62:Infinity":9,"b:65:16:65:Infinity:66:16:66:Infinity":2,"f:73:19:73:25":2,"s:73:25:73:Infinity":10,"b:76:16:76:Infinity:77:16:77:Infinity":3,"b:86:12:100:Infinity:102:12:105:Infinity":4,"f:92:26:92:27":3,"b:93:16:98:Infinity:undefined:undefined:undefined:undefined":5,"s:93:16:98:Infinity":11,"s:94:18:98:Infinity":12,"b:111:9:111:20:111:20:111:48:111:48:111:Infinity:112:8:153:Infinity":6,"b:114:37:114:51:114:51:114:Infinity":7,"b:119:14:124:Infinity:126:14:150:Infinity":8,"f:133:27:133:33":4,"s:135:20:135:Infinity":13,"f:135:39:135:40":5,"s:135:50:135:76":14,"s:136:20:144:Infinity":15,"f:137:22:137:Infinity":6,"s:138:24:142:Infinity":16}}}
,"C:\\Users\\JustD\\Documents\\Self_Learn\\Coding\\TheModernStoic\\src\\frontend\\TheModernStoic\\src\\components\\Auth.tsx": {"path":"C:\\Users\\JustD\\Documents\\Self_Learn\\Coding\\TheModernStoic\\src\\frontend\\TheModernStoic\\src\\components\\Auth.tsx","statementMap":{"0":{"start":{"line":3,"column":27},"end":{"line":13,"column":null}},"1":{"start":{"line":4,"column":28},"end":{"line":4,"column":null}},"2":{"start":{"line":5,"column":4},"end":{"line":11,"column":null}},"3":{"start":{"line":7,"column":26},"end":{"line":7,"column":null}},"4":{"start":{"line":15,"column":28},"end":{"line":24,"column":null}},"5":{"start":{"line":16,"column":17},"end":{"line":16,"column":null}},"6":{"start":{"line":17,"column":4},"end":{"line":22,"column":null}},"7":{"start":{"line":19,"column":26},"end":{"line":19,"column":null}}},"fnMap":{"0":{"name":"(anonymous_0)","decl":{"start":{"line":3,"column":27},"end":{"line":3,"column":32}},"loc":{"start":{"line":3,"column":32},"end":{"line":13,"column":null}},"line":3},"1":{"name":"(anonymous_1)","decl":{"start":{"line":7,"column":21},"end":{"line":7,"column":26}},"loc":{"start":{"line":7,"column":26},"end":{"line":7,"column":null}},"line":7},"2":{"name":"(anonymous_2)","decl":{"start":{"line":15,"column":28},"end":{"line":15,"column":33}},"loc":{"start":{"line":15,"column":33},"end":{"line":24,"column":null}},"line":15},"3":{"name":"(anonymous_3)","decl":{"start":{"line":19,"column":21},"end":{"line":19,"column":26}},"loc":{"start":{"line":19,"column":26},"end":{"line":19,"column":null}},"line":19}},"branchMap":{},"s":{"0":2,"1":3,"2":3,"3":1,"4":2,"5":22,"6":22,"7":1},"f":{"0":3,"1":1,"2":22,"3":1},"b":{},"meta":{"lastBranch":0,"lastFunction":4,"lastStatement":8,"seen":{"s:3:27:13:Infinity":0,"f:3:27:3:32":0,"s:4:28:4:Infinity":1,"s:5:4:11:Infinity":2,"f:7:21:7:26":1,"s:7:26:7:Infinity":3,"s:15:28:24:Infinity":4,"f:15:28:15:33":2,"s:16:17:16:Infinity":5,"s:17:4:22:Infinity":6,"f:19:21:19:26":3,"s:19:26:19:Infinity":7}}}
,"C:\\Users\\JustD\\Documents\\Self_Learn\\Coding\\TheModernStoic\\src\\frontend\\TheModernStoic\\src\\components\\HistoryFeed.tsx": {"path":"C:\\Users\\JustD\\Documents\\Self_Learn\\Coding\\TheModernStoic\\src\\frontend\\TheModernStoic\\src\\components\\HistoryFeed.tsx","statementMap":{"0":{"start":{"line":10,"column":44},"end":{"line":10,"column":null}},"1":{"start":{"line":12,"column":23},"end":{"line":24,"column":null}},"2":{"start":{"line":13,"column":4},"end":{"line":13,"column":null}},"3":{"start":{"line":13,"column":31},"end":{"line":13,"column":57}},"4":{"start":{"line":14,"column":4},"end":{"line":23,"column":null}},"5":{"start":{"line":15,"column":6},"end":{"line":15,"column":null}},"6":{"start":{"line":18,"column":6},"end":{"line":22,"column":null}},"7":{"start":{"line":19,"column":23},"end":{"line":19,"column":null}},"8":{"start":{"line":20,"column":8},"end":{"line":20,"column":null}},"9":{"start":{"line":21,"column":8},"end":{"line":21,"column":null}},"10":{"start":{"line":25,"column":2},"end":{"line":31,"column":null}},"11":{"start":{"line":26,"column":4},"end":{"line":29,"column":null}},"12":{"start":{"line":32,"column":2},"end":{"line":64,"column":null}},"13":{"start":{"line":35,"column":8},"end":{"line":62,"column":null}},"14":{"start":{"line":51,"column":29},"end":{"line":51,"column":null}}},"fnMap":{"0":{"name":"HistoryFeed","decl":{"start":{"line":9,"column":9},"end":{"line":9,"column":21}},"loc":{"start":{"line":9,"column":65},"end":{"line":66,"column":null}},"line":9},"1":{"name":"(anonymous_1)","decl":{"start":{"line":12,"column":23},"end":{"line":12,"column":30}},"loc":{"start":{"line":12,"column":50},"end":{"line":24,"column":null}},"line":12},"2":{"name":"(anonymous_2)","decl":{"start":{"line":13,"column":23},"end":{"line":13,"column":31}},"loc":{"start":{"line":13,"column":31},"end":{"line":13,"column":57}},"line":13},"3":{"name":"(anonymous_3)","decl":{"start":{"line":18,"column":25},"end":{"line":18,"column":33}},"loc":{"start":{"line":18,"column":33},"end":{"line":22,"column":7}},"line":18},"4":{"name":"(anonymous_4)","decl":{"start":{"line":34,"column":19},"end":{"line":34,"column":20}},"loc":{"start":{"line":35,"column":8},"end":{"line":62,"column":null}},"line":35},"5":{"name":"(anonymous_5)","decl":{"start":{"line":51,"column":23},"end":{"line":51,"column":29}},"loc":{"start":{"line":51,"column":29},"end":{"line":51,"column":null}},"line":51}},"branchMap":{"0":{"loc":{"start":{"line":25,"column":2},"end":{"line":31,"column":null}},"type":"if","locations":[{"start":{"line":25,"column":2},"end":{"line":31,"column":null}},{"start":{},"end":{}}],"line":25},"1":{"loc":{"start":{"line":55,"column":15},"end":{"line":55,"column":null}},"type":"cond-expr","locations":[{"start":{"line":55,"column":47},"end":{"line":55,"column":63}},{"start":{"line":55,"column":63},"end":{"line":55,"column":null}}],"line":55}},"s":{"0":16,"1":16,"2":5,"3":5,"4":5,"5":5,"6":5,"7":4,"8":4,"9":4,"10":16,"11":1,"12":15,"13":30,"14":5},"f":{"0":16,"1":5,"2":5,"3":4,"4":30,"5":5},"b":{"0":[1,15],"1":[5,25]},"meta":{"lastBranch":2,"lastFunction":6,"lastStatement":15,"seen":{"f:9:9:9:21":0,"s:10:44:10:Infinity":0,"s:12:23:24:Infinity":1,"f:12:23:12:30":1,"s:13:4:13:Infinity":2,"f:13:23:13:31":2,"s:13:31:13:57":3,"s:14:4:23:Infinity":4,"s:15:6:15:Infinity":5,"s:18:6:22:Infinity":6,"f:18:25:18:33":3,"s:19:23:19:Infinity":7,"s:20:8:20:Infinity":8,"s:21:8:21:Infinity":9,"b:25:2:31:Infinity:undefined:undefined:undefined:undefined":0,"s:25:2:31:Infinity":10,"s:26:4:29:Infinity":11,"s:32:2:64:Infinity":12,"f:34:19:34:20":4,"s:35:8:62:Infinity":13,"f:51:23:51:29":5,"s:51:29:51:Infinity":14,"b:55:47:55:63:55:63:55:Infinity":1}}}
,"C:\\Users\\JustD\\Documents\\Self_Learn\\Coding\\TheModernStoic\\src\\frontend\\TheModernStoic\\src\\components\\JournalInputCard.tsx": {"path":"C:\\Users\\JustD\\Documents\\Self_Learn\\Coding\\TheModernStoic\\src\\frontend\\TheModernStoic\\src\\components\\JournalInputCard.tsx","statementMap":{"0":{"start":{"line":12,"column":24},"end":{"line":12,"column":null}},"1":{"start":{"line":14,"column":24},"end":{"line":20,"column":null}},"2":{"start":{"line":15,"column":4},"end":{"line":15,"column":null}},"3":{"start":{"line":15,"column":16},"end":{"line":15,"column":null}},"4":{"start":{"line":16,"column":28},"end":{"line":16,"column":null}},"5":{"start":{"line":18,"column":4},"end":{"line":18,"column":null}},"6":{"start":{"line":19,"column":4},"end":{"line":19,"column":null}},"7":{"start":{"line":22,"column":2},"end":{"line":57,"column":null}},"8":{"start":{"line":33,"column":25},"end":{"line":33,"column":null}}},"fnMap":{"0":{"name":"JournalInputCard","decl":{"start":{"line":11,"column":9},"end":{"line":11,"column":26}},"loc":{"start":{"line":11,"column":91},"end":{"line":59,"column":null}},"line":11},"1":{"name":"(anonymous_1)","decl":{"start":{"line":14,"column":24},"end":{"line":14,"column":36}},"loc":{"start":{"line":14,"column":36},"end":{"line":20,"column":null}},"line":14},"2":{"name":"(anonymous_2)","decl":{"start":{"line":33,"column":18},"end":{"line":33,"column":19}},"loc":{"start":{"line":33,"column":25},"end":{"line":33,"column":null}},"line":33}},"branchMap":{"0":{"loc":{"start":{"line":15,"column":4},"end":{"line":15,"column":null}},"type":"if","locations":[{"start":{"line":15,"column":4},"end":{"line":15,"column":null}},{"start":{},"end":{}}],"line":15},"1":{"loc":{"start":{"line":40,"column":11},"end":{"line":40,"column":null}},"type":"cond-expr","locations":[{"start":{"line":40,"column":21},"end":{"line":40,"column":55}},{"start":{"line":40,"column":55},"end":{"line":40,"column":null}}],"line":40},"2":{"loc":{"start":{"line":48,"column":11},"end":{"line":48,"column":null}},"type":"cond-expr","locations":[{"start":{"line":48,"column":21},"end":{"line":48,"column":39}},{"start":{"line":48,"column":39},"end":{"line":48,"column":null}}],"line":48},"3":{"loc":{"start":{"line":52,"column":7},"end":{"line":55,"column":null}},"type":"binary-expr","locations":[{"start":{"line":52,"column":7},"end":{"line":52,"column":null}},{"start":{"line":53,"column":8},"end":{"line":55,"column":null}}],"line":52}},"s":{"0":75,"1":75,"2":5,"3":1,"4":4,"5":4,"6":4,"7":75,"8":60},"f":{"0":75,"1":5,"2":60},"b":{"0":[1,4],"1":[1,74],"2":[1,74],"3":[75,1]},"meta":{"lastBranch":4,"lastFunction":3,"lastStatement":9,"seen":{"f:11:9:11:26":0,"s:12:24:12:Infinity":0,"s:14:24:20:Infinity":1,"f:14:24:14:36":1,"b:15:4:15:Infinity:undefined:undefined:undefined:undefined":0,"s:15:4:15:Infinity":2,"s:15:16:15:Infinity":3,"s:16:28:16:Infinity":4,"s:18:4:18:Infinity":5,"s:19:4:19:Infinity":6,"s:22:2:57:Infinity":7,"f:33:18:33:19":2,"s:33:25:33:Infinity":8,"b:40:21:40:55:40:55:40:Infinity":1,"b:48:21:48:39:48:39:48:Infinity":2,"b:52:7:52:Infinity:53:8:55:Infinity":3}}}
}
